[debug] [2020-12-23T00:16:01.971Z] ----------------------------------------------------------------------
[debug] [2020-12-23T00:16:01.972Z] Command:       /Users/macbook/.nodebrew/node/v14.15.1/bin/node /Users/macbook/.nodebrew/current/bin/firebase deploy
[debug] [2020-12-23T00:16:01.973Z] CLI Version:   9.1.0
[debug] [2020-12-23T00:16:01.973Z] Platform:      darwin
[debug] [2020-12-23T00:16:01.973Z] Node Version:  v14.15.1
[debug] [2020-12-23T00:16:01.974Z] Time:          Wed Dec 23 2020 09:16:01 GMT+0900 (Japan Standard Time)
[debug] [2020-12-23T00:16:01.974Z] ----------------------------------------------------------------------
[debug] [2020-12-23T00:16:01.974Z] 
[debug] [2020-12-23T00:16:01.979Z] > command requires scopes: ["email","openid","https://www.googleapis.com/auth/cloudplatformprojects.readonly","https://www.googleapis.com/auth/firebase","https://www.googleapis.com/auth/cloud-platform"]
[debug] [2020-12-23T00:16:01.979Z] > authorizing via signed-in user
[debug] [2020-12-23T00:16:01.979Z] [iam] checking project chatbot-92b7b for permissions ["cloudfunctions.functions.create","cloudfunctions.functions.delete","cloudfunctions.functions.get","cloudfunctions.functions.list","cloudfunctions.functions.update","cloudfunctions.operations.get","datastore.indexes.create","datastore.indexes.delete","datastore.indexes.list","datastore.indexes.update","firebase.projects.get","firebasehosting.sites.update"]
[debug] [2020-12-23T00:16:01.981Z] >>> HTTP REQUEST POST https://cloudresourcemanager.googleapis.com/v1/projects/chatbot-92b7b:testIamPermissions  
 {"permissions":["cloudfunctions.functions.create","cloudfunctions.functions.delete","cloudfunctions.functions.get","cloudfunctions.functions.list","cloudfunctions.functions.update","cloudfunctions.operations.get","datastore.indexes.create","datastore.indexes.delete","datastore.indexes.list","datastore.indexes.update","firebase.projects.get","firebasehosting.sites.update"]}
[debug] [2020-12-23T00:16:02.721Z] <<< HTTP RESPONSE 200 {"content-type":"application/json; charset=UTF-8","vary":"X-Origin, Referer, Origin,Accept-Encoding","date":"Wed, 23 Dec 2020 00:16:02 GMT","server":"ESF","cache-control":"private","x-xss-protection":"0","x-frame-options":"SAMEORIGIN","x-content-type-options":"nosniff","server-timing":"gfet4t7; dur=572","alt-svc":"h3-29=\":443\"; ma=2592000,h3-T051=\":443\"; ma=2592000,h3-Q050=\":443\"; ma=2592000,h3-Q046=\":443\"; ma=2592000,h3-Q043=\":443\"; ma=2592000,quic=\":443\"; ma=2592000; v=\"46,43\"","accept-ranges":"none","transfer-encoding":"chunked"}
[debug] [2020-12-23T00:16:02.723Z] >>> HTTP REQUEST POST https://iam.googleapis.com/v1/projects/chatbot-92b7b/serviceAccounts/chatbot-92b7b@appspot.gserviceaccount.com:testIamPermissions  
 {"permissions":["iam.serviceAccounts.actAs"]}
[debug] [2020-12-23T00:16:03.643Z] <<< HTTP RESPONSE 200 {"content-type":"application/json; charset=UTF-8","vary":"X-Origin, Referer, Origin,Accept-Encoding","date":"Wed, 23 Dec 2020 00:16:03 GMT","server":"ESF","cache-control":"private","x-xss-protection":"0","x-frame-options":"SAMEORIGIN","x-content-type-options":"nosniff","alt-svc":"h3-29=\":443\"; ma=2592000,h3-T051=\":443\"; ma=2592000,h3-Q050=\":443\"; ma=2592000,h3-Q046=\":443\"; ma=2592000,h3-Q043=\":443\"; ma=2592000,quic=\":443\"; ma=2592000; v=\"46,43\"","accept-ranges":"none","transfer-encoding":"chunked"}
[debug] [2020-12-23T00:16:03.644Z] >>> HTTP REQUEST GET https://firebase.googleapis.com/v1beta1/projects/chatbot-92b7b  
 
[debug] [2020-12-23T00:16:04.356Z] <<< HTTP RESPONSE 200 {"content-type":"application/json; charset=UTF-8","vary":"X-Origin, Referer, Origin,Accept-Encoding","date":"Wed, 23 Dec 2020 00:16:04 GMT","server":"ESF","cache-control":"private","x-xss-protection":"0","x-frame-options":"SAMEORIGIN","x-content-type-options":"nosniff","alt-svc":"h3-29=\":443\"; ma=2592000,h3-T051=\":443\"; ma=2592000,h3-Q050=\":443\"; ma=2592000,h3-Q046=\":443\"; ma=2592000,h3-Q043=\":443\"; ma=2592000,quic=\":443\"; ma=2592000; v=\"46,43\"","accept-ranges":"none","transfer-encoding":"chunked"}
[warn] ⚠  functions: package.json indicates an outdated version of firebase-functions.
Please upgrade using npm install --save firebase-functions@latest in your functions directory. 
[info] 
[info] === Deploying to 'chatbot-92b7b'...
[info] 
[info] i  deploying firestore, functions, hosting 
[info] Running command: npm --prefix "$RESOURCE_DIR" run lint
[info] Running command: npm --prefix "$RESOURCE_DIR" run build
[info] ✔  functions: Finished running predeploy script. 
[info] i  firestore: reading indexes from firestore.indexes.json... 
[info] i  cloud.firestore: checking firestore.rules for compilation errors... 
[debug] [2020-12-23T00:16:11.416Z] >>> HTTP REQUEST POST https://firebaserules.googleapis.com/v1/projects/chatbot-92b7b:test  
 {"source":{"files":[{"name":"firestore.rules","content":"rules_version = '2';\nservice cloud.firestore {\n  match /databases/{database}/documents {\n    match /{document=**} {\n      allow read;\n      allow write: if request.auth != null;\n    }\n  }\n}"}]}}
